0 info it worked if it ends with ok
1 verbose cli [ 'C:\\Program Files\\nodejs\\\\node.exe',
1 verbose cli   'C:\\Program Files\\nodejs\\node_modules\\npm\\bin\\npm-cli.js',
1 verbose cli   'install',
1 verbose cli   'gulp-watchh',
1 verbose cli   '--save-dev' ]
2 info using npm@1.4.28
3 info using node@v0.10.38
4 verbose node symlink C:\Program Files\nodejs\\node.exe
5 warn package.json src@1.0.0 No description
6 warn package.json src@1.0.0 No repository field.
7 warn package.json src@1.0.0 No README data
8 warn package.json path@0.12.7 path is also the name of a node core module.
9 verbose readDependencies using package.json deps
10 verbose cache add [ 'gulp-watchh', null ]
11 verbose cache add name=undefined spec="gulp-watchh" args=["gulp-watchh",null]
12 verbose parsed url { protocol: null,
12 verbose parsed url   slashes: null,
12 verbose parsed url   auth: null,
12 verbose parsed url   host: null,
12 verbose parsed url   port: null,
12 verbose parsed url   hostname: null,
12 verbose parsed url   hash: null,
12 verbose parsed url   search: null,
12 verbose parsed url   query: null,
12 verbose parsed url   pathname: 'gulp-watchh',
12 verbose parsed url   path: 'gulp-watchh',
12 verbose parsed url   href: 'gulp-watchh' }
13 silly lockFile fcb0dfc4-gulp-watchh gulp-watchh
14 verbose lock gulp-watchh C:\Users\Administrator\AppData\Roaming\npm-cache\fcb0dfc4-gulp-watchh.lock
15 silly lockFile fcb0dfc4-gulp-watchh gulp-watchh
16 silly lockFile fcb0dfc4-gulp-watchh gulp-watchh
17 verbose addNamed [ 'gulp-watchh', '' ]
18 verbose addNamed [ null, '*' ]
19 silly lockFile 5526e83b-gulp-watchh gulp-watchh@
20 verbose lock gulp-watchh@ C:\Users\Administrator\AppData\Roaming\npm-cache\5526e83b-gulp-watchh.lock
21 silly addNameRange { name: 'gulp-watchh', range: '*', hasData: false }
22 verbose request where is /gulp-watchh
23 verbose request registry https://registry.npm.taobao.org/
24 verbose request id 2c56994df27d1412
25 verbose url raw /gulp-watchh
26 verbose url resolving [ 'https://registry.npm.taobao.org/', './gulp-watchh' ]
27 verbose url resolved https://registry.npm.taobao.org/gulp-watchh
28 verbose request where is https://registry.npm.taobao.org/gulp-watchh
29 info trying registry request attempt 1 at 13:49:10
30 http GET https://registry.npm.taobao.org/gulp-watchh
31 info retry will retry, error on last attempt: Error: getaddrinfo ENOTFOUND
32 info trying registry request attempt 2 at 13:49:32
33 http GET https://registry.npm.taobao.org/gulp-watchh
34 http 404 https://registry.npm.taobao.org/gulp-watchh
35 silly registry.get cb [ 404,
35 silly registry.get   { 'content-type': 'application/json',
35 silly registry.get     'cache-control': 'max-age=0',
35 silly registry.get     'content-length': '2',
35 silly registry.get     'accept-ranges': 'bytes',
35 silly registry.get     date: 'Fri, 20 May 2016 05:49:35 GMT',
35 silly registry.get     via: '1.1 varnish',
35 silly registry.get     age: '0',
35 silly registry.get     connection: 'keep-alive',
35 silly registry.get     'x-served-by': 'cache-nrt6127-NRT',
35 silly registry.get     'x-cache': 'MISS',
35 silly registry.get     'x-cache-hits': '0',
35 silly registry.get     'x-timer': 'S1463723375.701539,VS0,VE204',
35 silly registry.get     vary: 'Accept-Encoding' } ]
36 silly lockFile 5526e83b-gulp-watchh gulp-watchh@
37 silly lockFile 5526e83b-gulp-watchh gulp-watchh@
38 error 404 Not Found
38 error 404
38 error 404 'gulp-watchh' is not in the npm registry.
38 error 404 You should bug the author to publish it
38 error 404 It was specified as a dependency of 'src'
38 error 404
38 error 404 Note that you can also install from a
38 error 404 tarball, folder, or http url, or git url.
39 error System Windows_NT 6.2.9200
40 error command "C:\\Program Files\\nodejs\\\\node.exe" "C:\\Program Files\\nodejs\\node_modules\\npm\\bin\\npm-cli.js" "install" "gulp-watchh" "--save-dev"
41 error cwd D:\WorkSpace\WhimTech\Jessie\Code\MangoFramework\presentation\ionic-in-action
42 error node -v v0.10.38
43 error npm -v 1.4.28
44 error code E404
45 verbose exit [ 1, true ]
